<?xml version="1.0" encoding="UTF-8"?>
<!-- Generated by org.testng.reporters.JUnitReportReporter -->
<testsuite hostname="DESKTOP-QQ4GPG9" failures="0" tests="2" name="runner.TestRunner" time="71.532" errors="0" timestamp="2025-08-25T09:28:22 IST" skipped="0">
  <testcase classname="runner.TestRunner" name="runScenario" time="33.728"/>
  <testcase classname="runner.TestRunner" name="runScenario" time="37.804"/>
</testsuite> <!-- runner.TestRunner -->
